2015/09/22 13:11:02 INFO  - jmeter.util.JMeterUtils: Setting Locale to pt_BR 
2015/09/22 13:11:02 INFO  - jmeter.JMeter: Loading user properties from: /usr/share/jmeter/bin/user.properties 
2015/09/22 13:11:02 INFO  - jmeter.JMeter: Loading system properties from: /usr/share/jmeter/bin/system.properties 
2015/09/22 13:11:02 INFO  - jmeter.JMeter: Copyright (c) 1998-2014 The Apache Software Foundation 
2015/09/22 13:11:02 INFO  - jmeter.JMeter: Version 2.11.20141024 
2015/09/22 13:11:02 INFO  - jmeter.JMeter: java.version=1.7.0_79 
2015/09/22 13:11:02 INFO  - jmeter.JMeter: java.vm.name=OpenJDK Client VM 
2015/09/22 13:11:02 INFO  - jmeter.JMeter: os.name=Linux 
2015/09/22 13:11:02 INFO  - jmeter.JMeter: os.arch=i386 
2015/09/22 13:11:02 INFO  - jmeter.JMeter: os.version=3.16.0-44-generic 
2015/09/22 13:11:02 INFO  - jmeter.JMeter: file.encoding=UTF-8 
2015/09/22 13:11:02 INFO  - jmeter.JMeter: Default Locale=português (Brasil) 
2015/09/22 13:11:02 INFO  - jmeter.JMeter: JMeter  Locale=português (Brasil) 
2015/09/22 13:11:02 INFO  - jmeter.JMeter: JMeterHome=/usr/share/jmeter 
2015/09/22 13:11:02 INFO  - jmeter.JMeter: user.dir  =/home/marcus/Dropbox/Totvs/JMETER 
2015/09/22 13:11:02 INFO  - jmeter.JMeter: PWD       =/home/marcus/Dropbox/Totvs/JMETER 
2015/09/22 13:11:02 INFO  - jmeter.JMeter: IP: 127.0.1.1 Name: Scarface FullName: Scarface 
2015/09/22 13:11:02 INFO  - jmeter.JMeter: Loaded icon properties from org/apache/jmeter/images/icon.properties 
2015/09/22 13:11:09 INFO  - jmeter.engine.util.CompoundVariable: Note: Function class names must contain the string: '.functions.' 
2015/09/22 13:11:09 INFO  - jmeter.engine.util.CompoundVariable: Note: Function class names must not contain the string: '.gui.' 
2015/09/22 13:11:11 INFO  - jmeter.gui.action.LookAndFeelCommand: Using look and feel: javax.swing.plaf.metal.MetalLookAndFeel [Metal, CrossPlatform] 
2015/09/22 13:11:18 INFO  - jmeter.util.BSFTestElement: Registering JMeter version of JavaScript engine as work-round for BSF-22 
2015/09/22 13:11:21 INFO  - jmeter.protocol.http.sampler.HTTPSamplerBase: Cannot find .className property for htmlParser, using default 
2015/09/22 13:11:21 INFO  - jmeter.protocol.http.sampler.HTTPSamplerBase: Parser for text/html is  
2015/09/22 13:11:21 INFO  - jmeter.protocol.http.sampler.HTTPSamplerBase: Parser for application/xhtml+xml is  
2015/09/22 13:11:21 INFO  - jmeter.protocol.http.sampler.HTTPSamplerBase: Parser for application/xml is  
2015/09/22 13:11:21 INFO  - jmeter.protocol.http.sampler.HTTPSamplerBase: Parser for text/xml is  
2015/09/22 13:11:21 INFO  - jmeter.protocol.http.sampler.HTTPSamplerBase: Parser for text/vnd.wap.wml is org.apache.jmeter.protocol.http.parser.RegexpHTMLParser 
2015/09/22 13:11:22 INFO  - jmeter.gui.util.MenuFactory: Skipping org.apache.jmeter.protocol.http.modifier.gui.ParamModifierGui 
2015/09/22 13:11:24 INFO  - jorphan.exec.KeyToolUtils: keytool found at 'keytool' 
2015/09/22 13:11:24 INFO  - jmeter.protocol.http.proxy.ProxyControl: HTTP(S) Test Script Recorder SSL Proxy will use keys that support embedded 3rd party resources in file /usr/share/jmeter/bin/proxyserver.jks 
2015/09/22 13:11:25 INFO  - jmeter.samplers.SampleResult: Note: Sample TimeStamps are START times 
2015/09/22 13:11:25 INFO  - jmeter.samplers.SampleResult: sampleresult.default.encoding is set to ISO-8859-1 
2015/09/22 13:11:25 INFO  - jmeter.samplers.SampleResult: sampleresult.useNanoTime=true 
2015/09/22 13:11:25 INFO  - jmeter.samplers.SampleResult: sampleresult.nanoThreadSleep=5000 
2015/09/22 17:44:36 INFO  - jmeter.util.JMeterUtils: Setting Locale to en 
2015/09/22 17:44:37 WARN  - jmeter.util.JMeterUtils: ERROR! Resource string not found: [org.apache.jmeter.control.gui.randomcontrolgui] 
2015/09/22 17:44:37 WARN  - jmeter.util.JMeterUtils: ERROR! Resource string not found: [org.apache.jmeter.control.gui.whilecontrollergui] 
2015/09/22 17:44:37 WARN  - jmeter.util.JMeterUtils: ERROR! Resource string not found: [org.apache.jmeter.protocol.http.control.gui.recordcontroller] 
2015/09/22 17:44:37 WARN  - jmeter.util.JMeterUtils: ERROR! Resource string not found: [org.apache.jmeter.control.gui.includecontrollergui] 
2015/09/22 17:44:37 WARN  - jmeter.util.JMeterUtils: ERROR! Resource string not found: [org.apache.jmeter.control.gui.interleavecontrolgui] 
2015/09/22 17:44:37 WARN  - jmeter.util.JMeterUtils: ERROR! Resource string not found: [org.apache.jmeter.control.gui.loopcontrolpanel] 
2015/09/22 17:44:37 WARN  - jmeter.util.JMeterUtils: ERROR! Resource string not found: [org.apache.jmeter.control.gui.modulecontrollergui] 
2015/09/22 17:44:37 WARN  - jmeter.util.JMeterUtils: ERROR! Resource string not found: [org.apache.jmeter.control.gui.randomordercontrollergui] 
2015/09/22 17:44:37 WARN  - jmeter.util.JMeterUtils: ERROR! Resource string not found: [org.apache.jmeter.control.gui.switchcontrollergui] 
2015/09/22 17:44:37 WARN  - jmeter.util.JMeterUtils: ERROR! Resource string not found: [org.apache.jmeter.control.gui.runtimegui] 
2015/09/22 17:44:37 WARN  - jmeter.util.JMeterUtils: ERROR! Resource string not found: [org.apache.jmeter.control.gui.transactioncontrollergui] 
2015/09/22 17:44:37 WARN  - jmeter.util.JMeterUtils: ERROR! Resource string not found: [org.apache.jmeter.control.gui.onceonlycontrollergui] 
2015/09/22 17:44:37 WARN  - jmeter.util.JMeterUtils: ERROR! Resource string not found: [org.apache.jmeter.control.gui.throughputcontrollergui] 
2015/09/22 17:44:37 WARN  - jmeter.util.JMeterUtils: ERROR! Resource string not found: [org.apache.jmeter.control.gui.foreachcontrolpanel] 
2015/09/22 17:44:37 WARN  - jmeter.util.JMeterUtils: ERROR! Resource string not found: [org.apache.jmeter.control.gui.ifcontrollerpanel] 
2015/09/22 17:44:37 WARN  - jmeter.util.JMeterUtils: ERROR! Resource string not found: [org.apache.jmeter.control.gui.logiccontrollergui] 
2015/09/22 17:54:05 INFO  - jmeter.services.FileServer: Default base='/home/marcus/Dropbox/Totvs/JMETER' 
2015/09/22 17:54:05 INFO  - jmeter.services.FileServer: Set new base='/home/marcus/Dropbox/Totvs/JMETER' 
2015/09/22 17:54:07 INFO  - jmeter.save.SaveService: Testplan (JMX) version: 2.2. Testlog (JTL) version: 2.2 
2015/09/22 17:54:07 INFO  - jmeter.save.SaveService: Using SaveService properties file encoding UTF-8 
2015/09/22 17:54:07 INFO  - jmeter.save.SaveService: Using SaveService properties version 2.6 
2015/09/22 17:54:07 INFO  - jmeter.save.SaveService: Using SaveService properties file version 1554411 
2015/09/22 17:54:07 INFO  - jmeter.save.SaveService: All converter versions present and correct 
2015/09/22 17:54:09 INFO  - jmeter.engine.StandardJMeterEngine: Listeners will be started after enabling running version 
2015/09/22 17:54:09 INFO  - jmeter.engine.StandardJMeterEngine: To revert to the earlier behaviour, define jmeterengine.startlistenerslater=false 
2015/09/22 17:54:09 INFO  - jmeter.engine.StandardJMeterEngine: Running the test! 
2015/09/22 17:54:09 INFO  - jmeter.samplers.SampleEvent: List of sample_variables: [] 
2015/09/22 17:54:09 INFO  - jmeter.samplers.SampleEvent: List of sample_variables: [] 
2015/09/22 17:54:10 INFO  - jmeter.gui.util.JMeterMenuBar: setRunning(true,*local*) 
2015/09/22 17:54:10 INFO  - jmeter.engine.StandardJMeterEngine: Starting ThreadGroup: 1 : Grupo de Usuários 
2015/09/22 17:54:10 INFO  - jmeter.engine.StandardJMeterEngine: Starting 1 threads for group Grupo de Usuários. 
2015/09/22 17:54:10 INFO  - jmeter.engine.StandardJMeterEngine: Thread will continue on error 
2015/09/22 17:54:10 INFO  - jmeter.threads.ThreadGroup: Starting thread group number 1 threads 1 ramp-up 1 perThread 1000.0 delayedStart=false 
2015/09/22 17:54:10 INFO  - jmeter.threads.JMeterThread: jmeterthread.startearlier=true (see jmeter.properties) 
2015/09/22 17:54:10 INFO  - jmeter.threads.JMeterThread: Running PostProcessors in forward order 
2015/09/22 17:54:10 INFO  - jmeter.threads.ThreadGroup: Started thread group number 1 
2015/09/22 17:54:10 INFO  - jmeter.engine.StandardJMeterEngine: All thread groups have been started 
2015/09/22 17:54:10 INFO  - jmeter.threads.JMeterThread: Thread started: Grupo de Usuários 1-1 
2015/09/22 17:54:10 INFO  - jmeter.protocol.http.sampler.HTTPHCAbstractImpl: Local host = Scarface 
2015/09/22 17:54:10 INFO  - jmeter.protocol.http.sampler.HTTPHC4Impl: HTTP request retry count = 0 
2015/09/22 17:54:11 INFO  - jmeter.protocol.http.sampler.HTTPHC4Impl: Setting up HTTPS TrustAll scheme 
2015/09/22 17:54:11 INFO  - jmeter.util.JsseSSLManager: Using default SSL protocol: TLS 
2015/09/22 17:54:11 INFO  - jmeter.util.JsseSSLManager: SSL session context: per-thread 
2015/09/22 17:54:15 INFO  - jmeter.threads.JMeterThread: Thread finished: Grupo de Usuários 1-1 
2015/09/22 17:54:15 INFO  - jmeter.engine.StandardJMeterEngine: Notifying test listeners of end of test 
2015/09/22 17:54:15 INFO  - jmeter.gui.util.JMeterMenuBar: setRunning(false,*local*) 
2015/09/22 17:54:29 INFO  - jmeter.engine.StandardJMeterEngine: Running the test! 
2015/09/22 17:54:29 INFO  - jmeter.samplers.SampleEvent: List of sample_variables: [] 
2015/09/22 17:54:29 INFO  - jmeter.gui.util.JMeterMenuBar: setRunning(true,*local*) 
2015/09/22 17:54:29 INFO  - jmeter.engine.StandardJMeterEngine: Starting ThreadGroup: 1 : Grupo de Usuários 
2015/09/22 17:54:29 INFO  - jmeter.engine.StandardJMeterEngine: Starting 1 threads for group Grupo de Usuários. 
2015/09/22 17:54:29 INFO  - jmeter.engine.StandardJMeterEngine: Thread will continue on error 
2015/09/22 17:54:29 INFO  - jmeter.threads.ThreadGroup: Starting thread group number 1 threads 1 ramp-up 1 perThread 1000.0 delayedStart=false 
2015/09/22 17:54:29 INFO  - jmeter.threads.ThreadGroup: Started thread group number 1 
2015/09/22 17:54:29 INFO  - jmeter.engine.StandardJMeterEngine: All thread groups have been started 
2015/09/22 17:54:29 INFO  - jmeter.threads.JMeterThread: Thread started: Grupo de Usuários 1-1 
2015/09/22 17:54:30 INFO  - jmeter.threads.JMeterThread: Thread finished: Grupo de Usuários 1-1 
2015/09/22 17:54:30 INFO  - jmeter.engine.StandardJMeterEngine: Notifying test listeners of end of test 
2015/09/22 17:54:30 INFO  - jmeter.gui.util.JMeterMenuBar: setRunning(false,*local*) 
2015/09/22 18:00:58 INFO  - jmeter.engine.StandardJMeterEngine: Running the test! 
2015/09/22 18:00:58 INFO  - jmeter.samplers.SampleEvent: List of sample_variables: [] 
2015/09/22 18:00:58 INFO  - jmeter.gui.util.JMeterMenuBar: setRunning(true,*local*) 
2015/09/22 18:00:59 INFO  - jmeter.engine.StandardJMeterEngine: Starting ThreadGroup: 1 : Jboss Test 
2015/09/22 18:00:59 INFO  - jmeter.engine.StandardJMeterEngine: Starting 1 threads for group Jboss Test. 
2015/09/22 18:00:59 INFO  - jmeter.engine.StandardJMeterEngine: Thread will continue on error 
2015/09/22 18:00:59 INFO  - jmeter.threads.ThreadGroup: Starting thread group number 1 threads 1 ramp-up 1 perThread 1000.0 delayedStart=false 
2015/09/22 18:00:59 INFO  - jmeter.threads.ThreadGroup: Started thread group number 1 
2015/09/22 18:00:59 INFO  - jmeter.engine.StandardJMeterEngine: All thread groups have been started 
2015/09/22 18:00:59 INFO  - jmeter.threads.JMeterThread: Thread started: Jboss Test 1-1 
2015/09/22 18:00:59 INFO  - jmeter.threads.JMeterThread: Thread finished: Jboss Test 1-1 
2015/09/22 18:00:59 INFO  - jmeter.engine.StandardJMeterEngine: Notifying test listeners of end of test 
2015/09/22 18:00:59 INFO  - jmeter.gui.util.JMeterMenuBar: setRunning(false,*local*) 
2015/09/22 18:01:00 INFO  - jmeter.engine.StandardJMeterEngine: Running the test! 
2015/09/22 18:01:00 INFO  - jmeter.samplers.SampleEvent: List of sample_variables: [] 
2015/09/22 18:01:00 INFO  - jmeter.gui.util.JMeterMenuBar: setRunning(true,*local*) 
2015/09/22 18:01:01 INFO  - jmeter.engine.StandardJMeterEngine: Starting ThreadGroup: 1 : Jboss Test 
2015/09/22 18:01:01 INFO  - jmeter.engine.StandardJMeterEngine: Starting 1 threads for group Jboss Test. 
2015/09/22 18:01:01 INFO  - jmeter.engine.StandardJMeterEngine: Thread will continue on error 
2015/09/22 18:01:01 INFO  - jmeter.threads.ThreadGroup: Starting thread group number 1 threads 1 ramp-up 1 perThread 1000.0 delayedStart=false 
2015/09/22 18:01:01 INFO  - jmeter.threads.ThreadGroup: Started thread group number 1 
2015/09/22 18:01:01 INFO  - jmeter.engine.StandardJMeterEngine: All thread groups have been started 
2015/09/22 18:01:01 INFO  - jmeter.threads.JMeterThread: Thread started: Jboss Test 1-1 
2015/09/22 18:01:02 INFO  - jmeter.threads.JMeterThread: Thread finished: Jboss Test 1-1 
2015/09/22 18:01:02 INFO  - jmeter.engine.StandardJMeterEngine: Notifying test listeners of end of test 
2015/09/22 18:01:02 INFO  - jmeter.gui.util.JMeterMenuBar: setRunning(false,*local*) 
2015/09/22 18:02:56 INFO  - jmeter.engine.StandardJMeterEngine: Running the test! 
2015/09/22 18:02:56 INFO  - jmeter.samplers.SampleEvent: List of sample_variables: [] 
2015/09/22 18:02:56 INFO  - jmeter.gui.util.JMeterMenuBar: setRunning(true,*local*) 
2015/09/22 18:02:56 INFO  - jmeter.engine.StandardJMeterEngine: Starting ThreadGroup: 1 : Jboss Test 
2015/09/22 18:02:56 INFO  - jmeter.engine.StandardJMeterEngine: Starting 1 threads for group Jboss Test. 
2015/09/22 18:02:56 INFO  - jmeter.engine.StandardJMeterEngine: Thread will continue on error 
2015/09/22 18:02:56 INFO  - jmeter.threads.ThreadGroup: Starting thread group number 1 threads 1 ramp-up 1 perThread 1000.0 delayedStart=false 
2015/09/22 18:02:56 INFO  - jmeter.threads.ThreadGroup: Started thread group number 1 
2015/09/22 18:02:56 INFO  - jmeter.engine.StandardJMeterEngine: All thread groups have been started 
2015/09/22 18:02:56 INFO  - jmeter.threads.JMeterThread: Thread started: Jboss Test 1-1 
2015/09/22 18:02:57 INFO  - jmeter.threads.JMeterThread: Thread finished: Jboss Test 1-1 
2015/09/22 18:02:57 INFO  - jmeter.engine.StandardJMeterEngine: Notifying test listeners of end of test 
2015/09/22 18:02:57 INFO  - jmeter.gui.util.JMeterMenuBar: setRunning(false,*local*) 
2015/09/22 18:04:50 INFO  - jmeter.engine.StandardJMeterEngine: Running the test! 
2015/09/22 18:04:50 INFO  - jmeter.samplers.SampleEvent: List of sample_variables: [] 
2015/09/22 18:04:51 INFO  - jmeter.gui.util.JMeterMenuBar: setRunning(true,*local*) 
2015/09/22 18:04:51 INFO  - jmeter.engine.StandardJMeterEngine: Starting ThreadGroup: 1 : Jboss Test 
2015/09/22 18:04:51 INFO  - jmeter.engine.StandardJMeterEngine: Starting 2 threads for group Jboss Test. 
2015/09/22 18:04:51 INFO  - jmeter.engine.StandardJMeterEngine: Thread will continue on error 
2015/09/22 18:04:51 INFO  - jmeter.threads.ThreadGroup: Starting thread group number 1 threads 2 ramp-up 1 perThread 500.0 delayedStart=false 
2015/09/22 18:04:51 INFO  - jmeter.threads.ThreadGroup: Started thread group number 1 
2015/09/22 18:04:51 INFO  - jmeter.engine.StandardJMeterEngine: All thread groups have been started 
2015/09/22 18:04:51 INFO  - jmeter.threads.JMeterThread: Thread started: Jboss Test 1-1 
2015/09/22 18:04:51 INFO  - jmeter.threads.JMeterThread: Thread finished: Jboss Test 1-1 
2015/09/22 18:04:52 INFO  - jmeter.threads.JMeterThread: Thread started: Jboss Test 1-2 
2015/09/22 18:04:52 INFO  - jmeter.threads.JMeterThread: Thread finished: Jboss Test 1-2 
2015/09/22 18:04:52 INFO  - jmeter.engine.StandardJMeterEngine: Notifying test listeners of end of test 
2015/09/22 18:04:52 INFO  - jmeter.gui.util.JMeterMenuBar: setRunning(false,*local*) 
2015/09/22 18:08:02 INFO  - jmeter.engine.StandardJMeterEngine: Running the test! 
2015/09/22 18:08:02 INFO  - jmeter.samplers.SampleEvent: List of sample_variables: [] 
2015/09/22 18:08:02 INFO  - jmeter.gui.util.JMeterMenuBar: setRunning(true,*local*) 
2015/09/22 18:08:02 INFO  - jmeter.engine.StandardJMeterEngine: Starting ThreadGroup: 1 : Jboss Test 
2015/09/22 18:08:02 INFO  - jmeter.engine.StandardJMeterEngine: Starting 5 threads for group Jboss Test. 
2015/09/22 18:08:02 INFO  - jmeter.engine.StandardJMeterEngine: Thread will continue on error 
2015/09/22 18:08:02 INFO  - jmeter.threads.ThreadGroup: Starting thread group number 1 threads 5 ramp-up 1 perThread 200.0 delayedStart=false 
2015/09/22 18:08:02 INFO  - jmeter.threads.ThreadGroup: Started thread group number 1 
2015/09/22 18:08:02 INFO  - jmeter.engine.StandardJMeterEngine: All thread groups have been started 
2015/09/22 18:08:02 INFO  - jmeter.threads.JMeterThread: Thread started: Jboss Test 1-1 
2015/09/22 18:08:02 INFO  - jmeter.threads.JMeterThread: Thread finished: Jboss Test 1-1 
2015/09/22 18:08:02 INFO  - jmeter.threads.JMeterThread: Thread started: Jboss Test 1-2 
2015/09/22 18:08:02 INFO  - jmeter.threads.JMeterThread: Thread started: Jboss Test 1-3 
2015/09/22 18:08:02 INFO  - jmeter.threads.JMeterThread: Thread finished: Jboss Test 1-2 
2015/09/22 18:08:02 INFO  - jmeter.threads.JMeterThread: Thread started: Jboss Test 1-4 
2015/09/22 18:08:02 INFO  - jmeter.threads.JMeterThread: Thread finished: Jboss Test 1-3 
2015/09/22 18:08:03 INFO  - jmeter.threads.JMeterThread: Thread started: Jboss Test 1-5 
2015/09/22 18:08:03 INFO  - jmeter.threads.JMeterThread: Thread finished: Jboss Test 1-4 
2015/09/22 18:08:03 INFO  - jmeter.threads.JMeterThread: Thread finished: Jboss Test 1-5 
2015/09/22 18:08:03 INFO  - jmeter.engine.StandardJMeterEngine: Notifying test listeners of end of test 
2015/09/22 18:08:03 INFO  - jmeter.gui.util.JMeterMenuBar: setRunning(false,*local*) 
2015/09/22 18:12:07 INFO  - jmeter.engine.StandardJMeterEngine: Running the test! 
2015/09/22 18:12:07 INFO  - jmeter.samplers.SampleEvent: List of sample_variables: [] 
2015/09/22 18:12:08 INFO  - jmeter.gui.util.JMeterMenuBar: setRunning(true,*local*) 
2015/09/22 18:12:08 INFO  - jmeter.engine.StandardJMeterEngine: Starting ThreadGroup: 1 : Jboss Test 
2015/09/22 18:12:08 INFO  - jmeter.engine.StandardJMeterEngine: Starting 5 threads for group Jboss Test. 
2015/09/22 18:12:08 INFO  - jmeter.engine.StandardJMeterEngine: Thread will continue on error 
2015/09/22 18:12:08 INFO  - jmeter.threads.ThreadGroup: Starting thread group number 1 threads 5 ramp-up 20 perThread 4000.0 delayedStart=false 
2015/09/22 18:12:08 INFO  - jmeter.threads.ThreadGroup: Started thread group number 1 
2015/09/22 18:12:08 INFO  - jmeter.engine.StandardJMeterEngine: All thread groups have been started 
2015/09/22 18:12:08 INFO  - jmeter.threads.JMeterThread: Thread started: Jboss Test 1-1 
2015/09/22 18:12:12 INFO  - jmeter.threads.JMeterThread: Thread started: Jboss Test 1-2 
2015/09/22 18:12:16 INFO  - jmeter.threads.JMeterThread: Thread started: Jboss Test 1-3 
2015/09/22 18:12:20 INFO  - jmeter.threads.JMeterThread: Thread started: Jboss Test 1-4 
2015/09/22 18:12:24 INFO  - jmeter.threads.JMeterThread: Thread started: Jboss Test 1-5 
2015/09/22 18:14:21 INFO  - jmeter.gui.action.Start: Stopping test 
2015/09/22 18:14:21 INFO  - jmeter.threads.JMeterThread: Stopping: Jboss Test 1-1 
2015/09/22 18:14:21 WARN  - jmeter.util.JMeterUtils: Interrupted in thread Jboss Test 1-1 java.lang.InterruptedException
	at java.lang.Object.wait(Native Method)
	at java.lang.Object.wait(Object.java:503)
	at java.awt.EventQueue.invokeAndWait(EventQueue.java:1282)
	at java.awt.EventQueue.invokeAndWait(EventQueue.java:1263)
	at javax.swing.SwingUtilities.invokeAndWait(SwingUtilities.java:1347)
	at org.apache.jmeter.util.JMeterUtils.runSafe(JMeterUtils.java:1296)
	at org.apache.jmeter.visualizers.TableVisualizer.add(TableVisualizer.java:163)
	at org.apache.jmeter.reporters.ResultCollector.sendToVisualizer(ResultCollector.java:553)
	at org.apache.jmeter.reporters.ResultCollector.sampleOccurred(ResultCollector.java:529)
	at org.apache.jmeter.threads.ListenerNotifier.notifyListeners(ListenerNotifier.java:84)
	at org.apache.jmeter.threads.JMeterThread.notifyListeners(JMeterThread.java:783)
	at org.apache.jmeter.threads.JMeterThread.process_sampler(JMeterThread.java:443)
	at org.apache.jmeter.threads.JMeterThread.run(JMeterThread.java:257)
	at java.lang.Thread.run(Thread.java:745)

2015/09/22 18:14:21 INFO  - jmeter.threads.JMeterThread: Thread finished: Jboss Test 1-1 
2015/09/22 18:14:21 INFO  - jmeter.threads.JMeterThread: Stopping: Jboss Test 1-3 
2015/09/22 18:14:21 WARN  - jmeter.util.JMeterUtils: Interrupted in thread Jboss Test 1-3 java.lang.InterruptedException
	at java.lang.Object.wait(Native Method)
	at java.lang.Object.wait(Object.java:503)
	at java.awt.EventQueue.invokeAndWait(EventQueue.java:1282)
	at java.awt.EventQueue.invokeAndWait(EventQueue.java:1263)
	at javax.swing.SwingUtilities.invokeAndWait(SwingUtilities.java:1347)
	at org.apache.jmeter.util.JMeterUtils.runSafe(JMeterUtils.java:1296)
	at org.apache.jmeter.visualizers.TableVisualizer.add(TableVisualizer.java:163)
	at org.apache.jmeter.reporters.ResultCollector.sendToVisualizer(ResultCollector.java:553)
	at org.apache.jmeter.reporters.ResultCollector.sampleOccurred(ResultCollector.java:529)
	at org.apache.jmeter.threads.ListenerNotifier.notifyListeners(ListenerNotifier.java:84)
	at org.apache.jmeter.threads.JMeterThread.notifyListeners(JMeterThread.java:783)
	at org.apache.jmeter.threads.JMeterThread.process_sampler(JMeterThread.java:443)
	at org.apache.jmeter.threads.JMeterThread.run(JMeterThread.java:257)
	at java.lang.Thread.run(Thread.java:745)

2015/09/22 18:14:21 INFO  - jmeter.threads.JMeterThread: Thread finished: Jboss Test 1-3 
2015/09/22 18:14:21 INFO  - jmeter.threads.JMeterThread: Stopping: Jboss Test 1-2 
2015/09/22 18:14:21 WARN  - jmeter.util.JMeterUtils: Interrupted in thread Jboss Test 1-2 java.lang.InterruptedException
	at java.lang.Object.wait(Native Method)
	at java.lang.Object.wait(Object.java:503)
	at java.awt.EventQueue.invokeAndWait(EventQueue.java:1282)
	at java.awt.EventQueue.invokeAndWait(EventQueue.java:1263)
	at javax.swing.SwingUtilities.invokeAndWait(SwingUtilities.java:1347)
	at org.apache.jmeter.util.JMeterUtils.runSafe(JMeterUtils.java:1296)
	at org.apache.jmeter.visualizers.TableVisualizer.add(TableVisualizer.java:163)
	at org.apache.jmeter.reporters.ResultCollector.sendToVisualizer(ResultCollector.java:553)
	at org.apache.jmeter.reporters.ResultCollector.sampleOccurred(ResultCollector.java:529)
	at org.apache.jmeter.threads.ListenerNotifier.notifyListeners(ListenerNotifier.java:84)
	at org.apache.jmeter.threads.JMeterThread.notifyListeners(JMeterThread.java:783)
	at org.apache.jmeter.threads.JMeterThread.process_sampler(JMeterThread.java:443)
	at org.apache.jmeter.threads.JMeterThread.run(JMeterThread.java:257)
	at java.lang.Thread.run(Thread.java:745)

2015/09/22 18:14:21 INFO  - jmeter.threads.JMeterThread: Thread finished: Jboss Test 1-2 
2015/09/22 18:14:21 INFO  - jmeter.threads.JMeterThread: Stopping: Jboss Test 1-5 
2015/09/22 18:14:21 WARN  - jmeter.util.JMeterUtils: Interrupted in thread Jboss Test 1-5 java.lang.InterruptedException
	at java.lang.Object.wait(Native Method)
	at java.lang.Object.wait(Object.java:503)
	at java.awt.EventQueue.invokeAndWait(EventQueue.java:1282)
	at java.awt.EventQueue.invokeAndWait(EventQueue.java:1263)
	at javax.swing.SwingUtilities.invokeAndWait(SwingUtilities.java:1347)
	at org.apache.jmeter.util.JMeterUtils.runSafe(JMeterUtils.java:1296)
	at org.apache.jmeter.visualizers.TableVisualizer.add(TableVisualizer.java:163)
	at org.apache.jmeter.reporters.ResultCollector.sendToVisualizer(ResultCollector.java:553)
	at org.apache.jmeter.reporters.ResultCollector.sampleOccurred(ResultCollector.java:529)
	at org.apache.jmeter.threads.ListenerNotifier.notifyListeners(ListenerNotifier.java:84)
	at org.apache.jmeter.threads.JMeterThread.notifyListeners(JMeterThread.java:783)
	at org.apache.jmeter.threads.JMeterThread.process_sampler(JMeterThread.java:443)
	at org.apache.jmeter.threads.JMeterThread.run(JMeterThread.java:257)
	at java.lang.Thread.run(Thread.java:745)

2015/09/22 18:14:21 INFO  - jmeter.threads.JMeterThread: Thread finished: Jboss Test 1-5 
2015/09/22 18:14:21 INFO  - jmeter.threads.JMeterThread: Stopping: Jboss Test 1-4 
2015/09/22 18:14:21 WARN  - jmeter.util.JMeterUtils: Interrupted in thread Jboss Test 1-4 java.lang.InterruptedException
	at java.lang.Object.wait(Native Method)
	at java.lang.Object.wait(Object.java:503)
	at java.awt.EventQueue.invokeAndWait(EventQueue.java:1282)
	at java.awt.EventQueue.invokeAndWait(EventQueue.java:1263)
	at javax.swing.SwingUtilities.invokeAndWait(SwingUtilities.java:1347)
	at org.apache.jmeter.util.JMeterUtils.runSafe(JMeterUtils.java:1296)
	at org.apache.jmeter.visualizers.TableVisualizer.add(TableVisualizer.java:163)
	at org.apache.jmeter.reporters.ResultCollector.sendToVisualizer(ResultCollector.java:553)
	at org.apache.jmeter.reporters.ResultCollector.sampleOccurred(ResultCollector.java:529)
	at org.apache.jmeter.threads.ListenerNotifier.notifyListeners(ListenerNotifier.java:84)
	at org.apache.jmeter.threads.JMeterThread.notifyListeners(JMeterThread.java:783)
	at org.apache.jmeter.threads.JMeterThread.process_sampler(JMeterThread.java:443)
	at org.apache.jmeter.threads.JMeterThread.run(JMeterThread.java:257)
	at java.lang.Thread.run(Thread.java:745)

2015/09/22 18:14:21 INFO  - jmeter.threads.JMeterThread: Thread finished: Jboss Test 1-4 
2015/09/22 18:14:21 INFO  - jmeter.engine.StandardJMeterEngine: Notifying test listeners of end of test 
2015/09/22 18:14:21 INFO  - jmeter.gui.util.JMeterMenuBar: setRunning(false,*local*) 
2015/09/22 18:15:30 INFO  - jmeter.engine.StandardJMeterEngine: Running the test! 
2015/09/22 18:15:30 INFO  - jmeter.samplers.SampleEvent: List of sample_variables: [] 
2015/09/22 18:15:30 INFO  - jmeter.gui.util.JMeterMenuBar: setRunning(true,*local*) 
2015/09/22 18:15:30 INFO  - jmeter.engine.StandardJMeterEngine: Starting ThreadGroup: 1 : Jboss Test 
2015/09/22 18:15:30 INFO  - jmeter.engine.StandardJMeterEngine: Starting 5 threads for group Jboss Test. 
2015/09/22 18:15:30 INFO  - jmeter.engine.StandardJMeterEngine: Thread will continue on error 
2015/09/22 18:15:30 INFO  - jmeter.threads.ThreadGroup: Starting thread group number 1 threads 5 ramp-up 20 perThread 4000.0 delayedStart=false 
2015/09/22 18:15:30 INFO  - jmeter.threads.ThreadGroup: Started thread group number 1 
2015/09/22 18:15:30 INFO  - jmeter.threads.JMeterThread: Thread started: Jboss Test 1-1 
2015/09/22 18:15:30 INFO  - jmeter.engine.StandardJMeterEngine: All thread groups have been started 
2015/09/22 18:15:34 INFO  - jmeter.threads.JMeterThread: Thread started: Jboss Test 1-2 
2015/09/22 18:15:38 INFO  - jmeter.threads.JMeterThread: Thread started: Jboss Test 1-3 
2015/09/22 18:15:42 INFO  - jmeter.threads.JMeterThread: Thread started: Jboss Test 1-4 
2015/09/22 18:15:46 INFO  - jmeter.threads.JMeterThread: Thread started: Jboss Test 1-5 
2015/09/22 18:21:08 INFO  - jmeter.gui.action.Start: Stopping test 
2015/09/22 18:21:08 INFO  - jmeter.threads.JMeterThread: Stopping: Jboss Test 1-2 
2015/09/22 18:21:08 WARN  - jmeter.util.JMeterUtils: Interrupted in thread Jboss Test 1-2 java.lang.InterruptedException
	at java.lang.Object.wait(Native Method)
	at java.lang.Object.wait(Object.java:503)
	at java.awt.EventQueue.invokeAndWait(EventQueue.java:1282)
	at java.awt.EventQueue.invokeAndWait(EventQueue.java:1263)
	at javax.swing.SwingUtilities.invokeAndWait(SwingUtilities.java:1347)
	at org.apache.jmeter.util.JMeterUtils.runSafe(JMeterUtils.java:1296)
	at org.apache.jmeter.visualizers.GraphVisualizer.add(GraphVisualizer.java:134)
	at org.apache.jmeter.reporters.ResultCollector.sendToVisualizer(ResultCollector.java:553)
	at org.apache.jmeter.reporters.ResultCollector.sampleOccurred(ResultCollector.java:529)
	at org.apache.jmeter.threads.ListenerNotifier.notifyListeners(ListenerNotifier.java:84)
	at org.apache.jmeter.threads.JMeterThread.notifyListeners(JMeterThread.java:783)
	at org.apache.jmeter.threads.JMeterThread.process_sampler(JMeterThread.java:443)
	at org.apache.jmeter.threads.JMeterThread.run(JMeterThread.java:257)
	at java.lang.Thread.run(Thread.java:745)

2015/09/22 18:21:08 INFO  - jmeter.threads.JMeterThread: Thread finished: Jboss Test 1-2 
2015/09/22 18:21:08 INFO  - jmeter.threads.JMeterThread: Stopping: Jboss Test 1-1 
2015/09/22 18:21:08 WARN  - jmeter.util.JMeterUtils: Interrupted in thread Jboss Test 1-1 java.lang.InterruptedException
	at java.lang.Object.wait(Native Method)
	at java.lang.Object.wait(Object.java:503)
	at java.awt.EventQueue.invokeAndWait(EventQueue.java:1282)
	at java.awt.EventQueue.invokeAndWait(EventQueue.java:1263)
	at javax.swing.SwingUtilities.invokeAndWait(SwingUtilities.java:1347)
	at org.apache.jmeter.util.JMeterUtils.runSafe(JMeterUtils.java:1296)
	at org.apache.jmeter.visualizers.GraphVisualizer.add(GraphVisualizer.java:134)
	at org.apache.jmeter.reporters.ResultCollector.sendToVisualizer(ResultCollector.java:553)
	at org.apache.jmeter.reporters.ResultCollector.sampleOccurred(ResultCollector.java:529)
	at org.apache.jmeter.threads.ListenerNotifier.notifyListeners(ListenerNotifier.java:84)
	at org.apache.jmeter.threads.JMeterThread.notifyListeners(JMeterThread.java:783)
	at org.apache.jmeter.threads.JMeterThread.process_sampler(JMeterThread.java:443)
	at org.apache.jmeter.threads.JMeterThread.run(JMeterThread.java:257)
	at java.lang.Thread.run(Thread.java:745)

2015/09/22 18:21:08 INFO  - jmeter.threads.JMeterThread: Thread finished: Jboss Test 1-1 
2015/09/22 18:21:08 INFO  - jmeter.threads.JMeterThread: Stopping: Jboss Test 1-3 
2015/09/22 18:21:08 WARN  - jmeter.util.JMeterUtils: Interrupted in thread Jboss Test 1-3 java.lang.InterruptedException
	at java.lang.Object.wait(Native Method)
	at java.lang.Object.wait(Object.java:503)
	at java.awt.EventQueue.invokeAndWait(EventQueue.java:1282)
	at java.awt.EventQueue.invokeAndWait(EventQueue.java:1263)
	at javax.swing.SwingUtilities.invokeAndWait(SwingUtilities.java:1347)
	at org.apache.jmeter.util.JMeterUtils.runSafe(JMeterUtils.java:1296)
	at org.apache.jmeter.visualizers.TableVisualizer.add(TableVisualizer.java:163)
	at org.apache.jmeter.reporters.ResultCollector.sendToVisualizer(ResultCollector.java:553)
	at org.apache.jmeter.reporters.ResultCollector.sampleOccurred(ResultCollector.java:529)
	at org.apache.jmeter.threads.ListenerNotifier.notifyListeners(ListenerNotifier.java:84)
	at org.apache.jmeter.threads.JMeterThread.notifyListeners(JMeterThread.java:783)
	at org.apache.jmeter.threads.JMeterThread.process_sampler(JMeterThread.java:443)
	at org.apache.jmeter.threads.JMeterThread.run(JMeterThread.java:257)
	at java.lang.Thread.run(Thread.java:745)

2015/09/22 18:21:08 INFO  - jmeter.threads.JMeterThread: Stopping: Jboss Test 1-4 
2015/09/22 18:21:08 WARN  - jmeter.util.JMeterUtils: Interrupted in thread Jboss Test 1-4 java.lang.InterruptedException
	at java.lang.Object.wait(Native Method)
	at java.lang.Object.wait(Object.java:503)
	at java.awt.EventQueue.invokeAndWait(EventQueue.java:1282)
	at java.awt.EventQueue.invokeAndWait(EventQueue.java:1263)
	at javax.swing.SwingUtilities.invokeAndWait(SwingUtilities.java:1347)
	at org.apache.jmeter.util.JMeterUtils.runSafe(JMeterUtils.java:1296)
	at org.apache.jmeter.visualizers.GraphVisualizer.add(GraphVisualizer.java:134)
	at org.apache.jmeter.reporters.ResultCollector.sendToVisualizer(ResultCollector.java:553)
	at org.apache.jmeter.reporters.ResultCollector.sampleOccurred(ResultCollector.java:529)
	at org.apache.jmeter.threads.ListenerNotifier.notifyListeners(ListenerNotifier.java:84)
	at org.apache.jmeter.threads.JMeterThread.notifyListeners(JMeterThread.java:783)
	at org.apache.jmeter.threads.JMeterThread.process_sampler(JMeterThread.java:443)
	at org.apache.jmeter.threads.JMeterThread.run(JMeterThread.java:257)
	at java.lang.Thread.run(Thread.java:745)

2015/09/22 18:21:08 INFO  - jmeter.threads.JMeterThread: Thread finished: Jboss Test 1-4 
2015/09/22 18:21:08 INFO  - jmeter.threads.JMeterThread: Stopping: Jboss Test 1-5 
2015/09/22 18:21:08 WARN  - jmeter.util.JMeterUtils: Interrupted in thread Jboss Test 1-5 java.lang.InterruptedException
	at java.lang.Object.wait(Native Method)
	at java.lang.Object.wait(Object.java:503)
	at java.awt.EventQueue.invokeAndWait(EventQueue.java:1282)
	at java.awt.EventQueue.invokeAndWait(EventQueue.java:1263)
	at javax.swing.SwingUtilities.invokeAndWait(SwingUtilities.java:1347)
	at org.apache.jmeter.util.JMeterUtils.runSafe(JMeterUtils.java:1296)
	at org.apache.jmeter.visualizers.GraphVisualizer.add(GraphVisualizer.java:134)
	at org.apache.jmeter.reporters.ResultCollector.sendToVisualizer(ResultCollector.java:553)
	at org.apache.jmeter.reporters.ResultCollector.sampleOccurred(ResultCollector.java:529)
	at org.apache.jmeter.threads.ListenerNotifier.notifyListeners(ListenerNotifier.java:84)
	at org.apache.jmeter.threads.JMeterThread.notifyListeners(JMeterThread.java:783)
	at org.apache.jmeter.threads.JMeterThread.process_sampler(JMeterThread.java:443)
	at org.apache.jmeter.threads.JMeterThread.run(JMeterThread.java:257)
	at java.lang.Thread.run(Thread.java:745)

2015/09/22 18:21:08 INFO  - jmeter.threads.JMeterThread: Thread finished: Jboss Test 1-5 
2015/09/22 18:21:08 INFO  - jmeter.threads.JMeterThread: Thread finished: Jboss Test 1-3 
2015/09/22 18:21:08 INFO  - jmeter.engine.StandardJMeterEngine: Notifying test listeners of end of test 
2015/09/22 18:21:08 INFO  - jmeter.gui.util.JMeterMenuBar: setRunning(false,*local*) 
2015/09/22 18:33:35 INFO  - jmeter.engine.StandardJMeterEngine: Running the test! 
2015/09/22 18:33:35 INFO  - jmeter.samplers.SampleEvent: List of sample_variables: [] 
2015/09/22 18:33:35 INFO  - jmeter.gui.util.JMeterMenuBar: setRunning(true,*local*) 
2015/09/22 18:33:35 INFO  - jmeter.engine.StandardJMeterEngine: Starting ThreadGroup: 1 : Jboss Test 
2015/09/22 18:33:35 INFO  - jmeter.engine.StandardJMeterEngine: Starting 5 threads for group Jboss Test. 
2015/09/22 18:33:35 INFO  - jmeter.engine.StandardJMeterEngine: Thread will continue on error 
2015/09/22 18:33:35 INFO  - jmeter.threads.ThreadGroup: Starting thread group number 1 threads 5 ramp-up 20 perThread 4000.0 delayedStart=false 
2015/09/22 18:33:35 INFO  - jmeter.threads.ThreadGroup: Started thread group number 1 
2015/09/22 18:33:35 INFO  - jmeter.engine.StandardJMeterEngine: Starting ThreadGroup: 2 : Jboss2 Test 
2015/09/22 18:33:35 INFO  - jmeter.engine.StandardJMeterEngine: Starting 1 threads for group Jboss2 Test. 
2015/09/22 18:33:35 INFO  - jmeter.engine.StandardJMeterEngine: Thread will continue on error 
2015/09/22 18:33:35 INFO  - jmeter.threads.ThreadGroup: Starting thread group number 2 threads 1 ramp-up 1 perThread 1000.0 delayedStart=false 
2015/09/22 18:33:35 INFO  - jmeter.threads.ThreadGroup: Started thread group number 2 
2015/09/22 18:33:35 INFO  - jmeter.engine.StandardJMeterEngine: All thread groups have been started 
2015/09/22 18:33:35 INFO  - jmeter.threads.JMeterThread: Thread started: Jboss Test 1-1 
2015/09/22 18:33:36 INFO  - jmeter.threads.JMeterThread: Thread started: Jboss2 Test 2-1 
2015/09/22 18:33:37 INFO  - jmeter.threads.JMeterThread: Thread finished: Jboss2 Test 2-1 
2015/09/22 18:33:39 INFO  - jmeter.threads.JMeterThread: Thread started: Jboss Test 1-2 
2015/09/22 18:33:43 INFO  - jmeter.threads.JMeterThread: Thread started: Jboss Test 1-3 
2015/09/22 18:33:48 INFO  - jmeter.threads.JMeterThread: Thread started: Jboss Test 1-4 
2015/09/22 18:33:52 INFO  - jmeter.threads.JMeterThread: Thread started: Jboss Test 1-5 
2015/09/22 18:33:55 INFO  - jmeter.gui.action.Start: Stopping test 
2015/09/22 18:33:55 INFO  - jmeter.threads.JMeterThread: Stopping: Jboss Test 1-5 
2015/09/22 18:33:55 WARN  - jmeter.util.JMeterUtils: Interrupted in thread Jboss Test 1-5 java.lang.InterruptedException
	at java.lang.Object.wait(Native Method)
	at java.lang.Object.wait(Object.java:503)
	at java.awt.EventQueue.invokeAndWait(EventQueue.java:1282)
	at java.awt.EventQueue.invokeAndWait(EventQueue.java:1263)
	at javax.swing.SwingUtilities.invokeAndWait(SwingUtilities.java:1347)
	at org.apache.jmeter.util.JMeterUtils.runSafe(JMeterUtils.java:1296)
	at org.apache.jmeter.visualizers.TableVisualizer.add(TableVisualizer.java:163)
	at org.apache.jmeter.reporters.ResultCollector.sendToVisualizer(ResultCollector.java:553)
	at org.apache.jmeter.reporters.ResultCollector.sampleOccurred(ResultCollector.java:529)
	at org.apache.jmeter.threads.ListenerNotifier.notifyListeners(ListenerNotifier.java:84)
	at org.apache.jmeter.threads.JMeterThread.notifyListeners(JMeterThread.java:783)
	at org.apache.jmeter.threads.JMeterThread.process_sampler(JMeterThread.java:443)
	at org.apache.jmeter.threads.JMeterThread.run(JMeterThread.java:257)
	at java.lang.Thread.run(Thread.java:745)

2015/09/22 18:33:55 INFO  - jmeter.threads.JMeterThread: Stopping: Jboss Test 1-4 
2015/09/22 18:33:55 WARN  - jmeter.util.JMeterUtils: Interrupted in thread Jboss Test 1-4 java.lang.InterruptedException
	at java.lang.Object.wait(Native Method)
	at java.lang.Object.wait(Object.java:503)
	at java.awt.EventQueue.invokeAndWait(EventQueue.java:1282)
	at java.awt.EventQueue.invokeAndWait(EventQueue.java:1263)
	at javax.swing.SwingUtilities.invokeAndWait(SwingUtilities.java:1347)
	at org.apache.jmeter.util.JMeterUtils.runSafe(JMeterUtils.java:1296)
	at org.apache.jmeter.visualizers.GraphVisualizer.add(GraphVisualizer.java:134)
	at org.apache.jmeter.reporters.ResultCollector.sendToVisualizer(ResultCollector.java:553)
	at org.apache.jmeter.reporters.ResultCollector.sampleOccurred(ResultCollector.java:529)
	at org.apache.jmeter.threads.ListenerNotifier.notifyListeners(ListenerNotifier.java:84)
	at org.apache.jmeter.threads.JMeterThread.notifyListeners(JMeterThread.java:783)
	at org.apache.jmeter.threads.JMeterThread.process_sampler(JMeterThread.java:443)
	at org.apache.jmeter.threads.JMeterThread.run(JMeterThread.java:257)
	at java.lang.Thread.run(Thread.java:745)

2015/09/22 18:33:55 INFO  - jmeter.threads.JMeterThread: Thread finished: Jboss Test 1-4 
2015/09/22 18:33:55 INFO  - jmeter.threads.JMeterThread: Stopping: Jboss Test 1-1 
2015/09/22 18:33:55 WARN  - jmeter.util.JMeterUtils: Interrupted in thread Jboss Test 1-1 java.lang.InterruptedException
	at java.lang.Object.wait(Native Method)
	at java.lang.Object.wait(Object.java:503)
	at java.awt.EventQueue.invokeAndWait(EventQueue.java:1282)
	at java.awt.EventQueue.invokeAndWait(EventQueue.java:1263)
	at javax.swing.SwingUtilities.invokeAndWait(SwingUtilities.java:1347)
	at org.apache.jmeter.util.JMeterUtils.runSafe(JMeterUtils.java:1296)
	at org.apache.jmeter.visualizers.GraphVisualizer.add(GraphVisualizer.java:134)
	at org.apache.jmeter.reporters.ResultCollector.sendToVisualizer(ResultCollector.java:553)
	at org.apache.jmeter.reporters.ResultCollector.sampleOccurred(ResultCollector.java:529)
	at org.apache.jmeter.threads.ListenerNotifier.notifyListeners(ListenerNotifier.java:84)
	at org.apache.jmeter.threads.JMeterThread.notifyListeners(JMeterThread.java:783)
	at org.apache.jmeter.threads.JMeterThread.process_sampler(JMeterThread.java:443)
	at org.apache.jmeter.threads.JMeterThread.run(JMeterThread.java:257)
	at java.lang.Thread.run(Thread.java:745)

2015/09/22 18:33:55 INFO  - jmeter.threads.JMeterThread: Thread finished: Jboss Test 1-1 
2015/09/22 18:33:55 INFO  - jmeter.threads.JMeterThread: Stopping: Jboss Test 1-3 
2015/09/22 18:33:55 WARN  - jmeter.util.JMeterUtils: Interrupted in thread Jboss Test 1-3 java.lang.InterruptedException
	at java.lang.Object.wait(Native Method)
	at java.lang.Object.wait(Object.java:503)
	at java.awt.EventQueue.invokeAndWait(EventQueue.java:1282)
	at java.awt.EventQueue.invokeAndWait(EventQueue.java:1263)
	at javax.swing.SwingUtilities.invokeAndWait(SwingUtilities.java:1347)
	at org.apache.jmeter.util.JMeterUtils.runSafe(JMeterUtils.java:1296)
	at org.apache.jmeter.visualizers.TableVisualizer.add(TableVisualizer.java:163)
	at org.apache.jmeter.reporters.ResultCollector.sendToVisualizer(ResultCollector.java:553)
	at org.apache.jmeter.reporters.ResultCollector.sampleOccurred(ResultCollector.java:529)
	at org.apache.jmeter.threads.ListenerNotifier.notifyListeners(ListenerNotifier.java:84)
	at org.apache.jmeter.threads.JMeterThread.notifyListeners(JMeterThread.java:783)
	at org.apache.jmeter.threads.JMeterThread.process_sampler(JMeterThread.java:443)
	at org.apache.jmeter.threads.JMeterThread.run(JMeterThread.java:257)
	at java.lang.Thread.run(Thread.java:745)

2015/09/22 18:33:55 INFO  - jmeter.threads.JMeterThread: Stopping: Jboss Test 1-2 
2015/09/22 18:33:55 WARN  - jmeter.util.JMeterUtils: Interrupted in thread Jboss Test 1-2 java.lang.InterruptedException
	at java.lang.Object.wait(Native Method)
	at java.lang.Object.wait(Object.java:503)
	at java.awt.EventQueue.invokeAndWait(EventQueue.java:1282)
	at java.awt.EventQueue.invokeAndWait(EventQueue.java:1263)
	at javax.swing.SwingUtilities.invokeAndWait(SwingUtilities.java:1347)
	at org.apache.jmeter.util.JMeterUtils.runSafe(JMeterUtils.java:1296)
	at org.apache.jmeter.visualizers.GraphVisualizer.add(GraphVisualizer.java:134)
	at org.apache.jmeter.reporters.ResultCollector.sendToVisualizer(ResultCollector.java:553)
	at org.apache.jmeter.reporters.ResultCollector.sampleOccurred(ResultCollector.java:529)
	at org.apache.jmeter.threads.ListenerNotifier.notifyListeners(ListenerNotifier.java:84)
	at org.apache.jmeter.threads.JMeterThread.notifyListeners(JMeterThread.java:783)
	at org.apache.jmeter.threads.JMeterThread.process_sampler(JMeterThread.java:443)
	at org.apache.jmeter.threads.JMeterThread.run(JMeterThread.java:257)
	at java.lang.Thread.run(Thread.java:745)

2015/09/22 18:33:55 INFO  - jmeter.threads.JMeterThread: Thread finished: Jboss Test 1-2 
2015/09/22 18:33:55 INFO  - jmeter.threads.JMeterThread: Thread finished: Jboss Test 1-5 
2015/09/22 18:33:55 INFO  - jmeter.threads.JMeterThread: Thread finished: Jboss Test 1-3 
2015/09/22 18:33:55 INFO  - jmeter.engine.StandardJMeterEngine: Notifying test listeners of end of test 
2015/09/22 18:33:55 INFO  - jmeter.gui.util.JMeterMenuBar: setRunning(false,*local*) 
2015/09/22 18:34:14 INFO  - jmeter.engine.StandardJMeterEngine: Running the test! 
2015/09/22 18:34:14 INFO  - jmeter.samplers.SampleEvent: List of sample_variables: [] 
2015/09/22 18:34:14 INFO  - jmeter.gui.util.JMeterMenuBar: setRunning(true,*local*) 
2015/09/22 18:34:15 INFO  - jmeter.engine.StandardJMeterEngine: Starting ThreadGroup: 1 : Jboss2 Test 
2015/09/22 18:34:15 INFO  - jmeter.engine.StandardJMeterEngine: Starting 1 threads for group Jboss2 Test. 
2015/09/22 18:34:15 INFO  - jmeter.engine.StandardJMeterEngine: Thread will continue on error 
2015/09/22 18:34:15 INFO  - jmeter.threads.ThreadGroup: Starting thread group number 1 threads 1 ramp-up 1 perThread 1000.0 delayedStart=false 
2015/09/22 18:34:15 INFO  - jmeter.threads.ThreadGroup: Started thread group number 1 
2015/09/22 18:34:15 INFO  - jmeter.engine.StandardJMeterEngine: All thread groups have been started 
2015/09/22 18:34:15 INFO  - jmeter.threads.JMeterThread: Thread started: Jboss2 Test 1-1 
2015/09/22 18:34:15 INFO  - jmeter.threads.JMeterThread: Thread finished: Jboss2 Test 1-1 
2015/09/22 18:34:15 INFO  - jmeter.engine.StandardJMeterEngine: Notifying test listeners of end of test 
2015/09/22 18:34:15 INFO  - jmeter.gui.util.JMeterMenuBar: setRunning(false,*local*) 
2015/09/22 18:41:44 INFO  - jmeter.engine.StandardJMeterEngine: Running the test! 
2015/09/22 18:41:44 INFO  - jmeter.samplers.SampleEvent: List of sample_variables: [] 
2015/09/22 18:41:44 INFO  - jmeter.gui.util.JMeterMenuBar: setRunning(true,*local*) 
2015/09/22 18:41:44 INFO  - jmeter.engine.StandardJMeterEngine: Starting ThreadGroup: 1 : Jboss2 Test 
2015/09/22 18:41:44 INFO  - jmeter.engine.StandardJMeterEngine: Starting 10 threads for group Jboss2 Test. 
2015/09/22 18:41:44 INFO  - jmeter.engine.StandardJMeterEngine: Thread will continue on error 
2015/09/22 18:41:44 INFO  - jmeter.threads.ThreadGroup: Starting thread group number 1 threads 10 ramp-up 20 perThread 2000.0 delayedStart=false 
2015/09/22 18:41:44 INFO  - jmeter.threads.ThreadGroup: Started thread group number 1 
2015/09/22 18:41:44 INFO  - jmeter.engine.StandardJMeterEngine: All thread groups have been started 
2015/09/22 18:41:44 INFO  - jmeter.threads.JMeterThread: Thread started: Jboss2 Test 1-1 
2015/09/22 18:41:44 INFO  - jmeter.threads.JMeterThread: Thread finished: Jboss2 Test 1-1 
2015/09/22 18:41:46 INFO  - jmeter.threads.JMeterThread: Thread started: Jboss2 Test 1-2 
2015/09/22 18:41:46 INFO  - jmeter.threads.JMeterThread: Thread finished: Jboss2 Test 1-2 
2015/09/22 18:41:48 INFO  - jmeter.threads.JMeterThread: Thread started: Jboss2 Test 1-3 
2015/09/22 18:41:49 INFO  - jmeter.threads.JMeterThread: Thread finished: Jboss2 Test 1-3 
2015/09/22 18:41:50 INFO  - jmeter.threads.JMeterThread: Thread started: Jboss2 Test 1-4 
2015/09/22 18:41:50 INFO  - jmeter.threads.JMeterThread: Thread finished: Jboss2 Test 1-4 
2015/09/22 18:41:52 INFO  - jmeter.threads.JMeterThread: Thread started: Jboss2 Test 1-5 
2015/09/22 18:41:52 INFO  - jmeter.threads.JMeterThread: Thread finished: Jboss2 Test 1-5 
2015/09/22 18:41:54 INFO  - jmeter.threads.JMeterThread: Thread started: Jboss2 Test 1-6 
2015/09/22 18:41:55 INFO  - jmeter.threads.JMeterThread: Thread finished: Jboss2 Test 1-6 
2015/09/22 18:41:56 INFO  - jmeter.threads.JMeterThread: Thread started: Jboss2 Test 1-7 
2015/09/22 18:41:57 INFO  - jmeter.threads.JMeterThread: Thread finished: Jboss2 Test 1-7 
2015/09/22 18:41:58 INFO  - jmeter.threads.JMeterThread: Thread started: Jboss2 Test 1-8 
2015/09/22 18:41:59 INFO  - jmeter.threads.JMeterThread: Thread finished: Jboss2 Test 1-8 
2015/09/22 18:42:00 INFO  - jmeter.threads.JMeterThread: Thread started: Jboss2 Test 1-9 
2015/09/22 18:42:01 INFO  - jmeter.threads.JMeterThread: Thread finished: Jboss2 Test 1-9 
2015/09/22 18:42:02 INFO  - jmeter.threads.JMeterThread: Thread started: Jboss2 Test 1-10 
2015/09/22 18:42:02 INFO  - jmeter.threads.JMeterThread: Thread finished: Jboss2 Test 1-10 
2015/09/22 18:42:02 INFO  - jmeter.engine.StandardJMeterEngine: Notifying test listeners of end of test 
2015/09/22 18:42:02 INFO  - jmeter.gui.util.JMeterMenuBar: setRunning(false,*local*) 
2015/09/22 18:42:25 INFO  - jmeter.engine.StandardJMeterEngine: Running the test! 
2015/09/22 18:42:25 INFO  - jmeter.samplers.SampleEvent: List of sample_variables: [] 
2015/09/22 18:42:25 INFO  - jmeter.gui.util.JMeterMenuBar: setRunning(true,*local*) 
2015/09/22 18:42:25 INFO  - jmeter.engine.StandardJMeterEngine: Starting ThreadGroup: 1 : Jboss2 Test 
2015/09/22 18:42:25 INFO  - jmeter.engine.StandardJMeterEngine: Starting 10 threads for group Jboss2 Test. 
2015/09/22 18:42:25 INFO  - jmeter.engine.StandardJMeterEngine: Thread will continue on error 
2015/09/22 18:42:25 INFO  - jmeter.threads.ThreadGroup: Starting thread group number 1 threads 10 ramp-up 20 perThread 2000.0 delayedStart=false 
2015/09/22 18:42:25 INFO  - jmeter.threads.JMeterThread: Thread started: Jboss2 Test 1-1 
2015/09/22 18:42:25 INFO  - jmeter.threads.ThreadGroup: Started thread group number 1 
2015/09/22 18:42:25 INFO  - jmeter.engine.StandardJMeterEngine: All thread groups have been started 
2015/09/22 18:42:25 INFO  - jmeter.threads.JMeterThread: Thread finished: Jboss2 Test 1-1 
2015/09/22 18:42:27 INFO  - jmeter.threads.JMeterThread: Thread started: Jboss2 Test 1-2 
2015/09/22 18:42:27 INFO  - jmeter.threads.JMeterThread: Thread finished: Jboss2 Test 1-2 
2015/09/22 18:42:29 INFO  - jmeter.threads.JMeterThread: Thread started: Jboss2 Test 1-3 
2015/09/22 18:42:29 INFO  - jmeter.threads.JMeterThread: Thread finished: Jboss2 Test 1-3 
2015/09/22 18:42:31 INFO  - jmeter.threads.JMeterThread: Thread started: Jboss2 Test 1-4 
2015/09/22 18:42:31 INFO  - jmeter.threads.JMeterThread: Thread finished: Jboss2 Test 1-4 
2015/09/22 18:42:33 INFO  - jmeter.threads.JMeterThread: Thread started: Jboss2 Test 1-5 
2015/09/22 18:42:33 INFO  - jmeter.threads.JMeterThread: Thread finished: Jboss2 Test 1-5 
2015/09/22 18:42:35 INFO  - jmeter.threads.JMeterThread: Thread started: Jboss2 Test 1-6 
2015/09/22 18:42:35 INFO  - jmeter.threads.JMeterThread: Thread finished: Jboss2 Test 1-6 
2015/09/22 18:42:37 INFO  - jmeter.threads.JMeterThread: Thread started: Jboss2 Test 1-7 
2015/09/22 18:42:37 INFO  - jmeter.threads.JMeterThread: Thread finished: Jboss2 Test 1-7 
2015/09/22 18:42:39 INFO  - jmeter.threads.JMeterThread: Thread started: Jboss2 Test 1-8 
2015/09/22 18:42:39 INFO  - jmeter.threads.JMeterThread: Thread finished: Jboss2 Test 1-8 
2015/09/22 18:42:41 INFO  - jmeter.threads.JMeterThread: Thread started: Jboss2 Test 1-9 
2015/09/22 18:42:41 INFO  - jmeter.threads.JMeterThread: Thread finished: Jboss2 Test 1-9 
2015/09/22 18:42:43 INFO  - jmeter.threads.JMeterThread: Thread started: Jboss2 Test 1-10 
2015/09/22 18:42:43 INFO  - jmeter.threads.JMeterThread: Thread finished: Jboss2 Test 1-10 
2015/09/22 18:42:43 INFO  - jmeter.engine.StandardJMeterEngine: Notifying test listeners of end of test 
2015/09/22 18:42:43 INFO  - jmeter.gui.util.JMeterMenuBar: setRunning(false,*local*) 
2015/09/22 18:46:55 INFO  - jmeter.engine.StandardJMeterEngine: Running the test! 
2015/09/22 18:46:55 INFO  - jmeter.samplers.SampleEvent: List of sample_variables: [] 
2015/09/22 18:46:55 INFO  - jmeter.gui.util.JMeterMenuBar: setRunning(true,*local*) 
2015/09/22 18:46:56 INFO  - jmeter.engine.StandardJMeterEngine: Starting ThreadGroup: 1 : Jboss2 Test 
2015/09/22 18:46:56 INFO  - jmeter.engine.StandardJMeterEngine: Starting 5 threads for group Jboss2 Test. 
2015/09/22 18:46:56 INFO  - jmeter.engine.StandardJMeterEngine: Thread will continue on error 
2015/09/22 18:46:56 INFO  - jmeter.threads.ThreadGroup: Starting thread group number 1 threads 5 ramp-up 20 perThread 4000.0 delayedStart=false 
2015/09/22 18:46:56 INFO  - jmeter.threads.JMeterThread: Thread started: Jboss2 Test 1-1 
2015/09/22 18:46:56 INFO  - jmeter.threads.ThreadGroup: Started thread group number 1 
2015/09/22 18:46:56 INFO  - jmeter.engine.StandardJMeterEngine: All thread groups have been started 
2015/09/22 18:46:56 INFO  - jmeter.threads.JMeterThread: Thread finished: Jboss2 Test 1-1 
2015/09/22 18:47:00 INFO  - jmeter.threads.JMeterThread: Thread started: Jboss2 Test 1-2 
2015/09/22 18:47:00 INFO  - jmeter.threads.JMeterThread: Thread finished: Jboss2 Test 1-2 
2015/09/22 18:47:04 INFO  - jmeter.threads.JMeterThread: Thread started: Jboss2 Test 1-3 
2015/09/22 18:47:04 INFO  - jmeter.threads.JMeterThread: Thread finished: Jboss2 Test 1-3 
2015/09/22 18:47:08 INFO  - jmeter.threads.JMeterThread: Thread started: Jboss2 Test 1-4 
2015/09/22 18:47:08 INFO  - jmeter.threads.JMeterThread: Thread finished: Jboss2 Test 1-4 
2015/09/22 18:47:12 INFO  - jmeter.threads.JMeterThread: Thread started: Jboss2 Test 1-5 
2015/09/22 18:47:12 INFO  - jmeter.threads.JMeterThread: Thread finished: Jboss2 Test 1-5 
2015/09/22 18:47:12 INFO  - jmeter.engine.StandardJMeterEngine: Notifying test listeners of end of test 
2015/09/22 18:47:12 INFO  - jmeter.gui.util.JMeterMenuBar: setRunning(false,*local*) 
2015/09/22 18:48:06 INFO  - jmeter.engine.StandardJMeterEngine: Running the test! 
2015/09/22 18:48:06 INFO  - jmeter.samplers.SampleEvent: List of sample_variables: [] 
2015/09/22 18:48:06 INFO  - jmeter.gui.util.JMeterMenuBar: setRunning(true,*local*) 
2015/09/22 18:48:07 INFO  - jmeter.engine.StandardJMeterEngine: Starting ThreadGroup: 1 : Jboss2 Test 
2015/09/22 18:48:07 INFO  - jmeter.engine.StandardJMeterEngine: Starting 20 threads for group Jboss2 Test. 
2015/09/22 18:48:07 INFO  - jmeter.engine.StandardJMeterEngine: Thread will continue on error 
2015/09/22 18:48:07 INFO  - jmeter.threads.ThreadGroup: Starting thread group number 1 threads 20 ramp-up 20 perThread 1000.0 delayedStart=false 
2015/09/22 18:48:07 INFO  - jmeter.threads.JMeterThread: Thread started: Jboss2 Test 1-1 
2015/09/22 18:48:07 INFO  - jmeter.threads.ThreadGroup: Started thread group number 1 
2015/09/22 18:48:07 INFO  - jmeter.engine.StandardJMeterEngine: All thread groups have been started 
2015/09/22 18:48:07 INFO  - jmeter.threads.JMeterThread: Thread finished: Jboss2 Test 1-1 
2015/09/22 18:48:08 INFO  - jmeter.threads.JMeterThread: Thread started: Jboss2 Test 1-2 
2015/09/22 18:48:08 INFO  - jmeter.threads.JMeterThread: Thread finished: Jboss2 Test 1-2 
2015/09/22 18:48:09 INFO  - jmeter.threads.JMeterThread: Thread started: Jboss2 Test 1-3 
2015/09/22 18:48:09 INFO  - jmeter.threads.JMeterThread: Thread finished: Jboss2 Test 1-3 
2015/09/22 18:48:10 INFO  - jmeter.threads.JMeterThread: Thread started: Jboss2 Test 1-4 
2015/09/22 18:48:10 INFO  - jmeter.threads.JMeterThread: Thread finished: Jboss2 Test 1-4 
2015/09/22 18:48:11 INFO  - jmeter.threads.JMeterThread: Thread started: Jboss2 Test 1-5 
2015/09/22 18:48:11 INFO  - jmeter.threads.JMeterThread: Thread finished: Jboss2 Test 1-5 
2015/09/22 18:48:12 INFO  - jmeter.threads.JMeterThread: Thread started: Jboss2 Test 1-6 
2015/09/22 18:48:12 INFO  - jmeter.threads.JMeterThread: Thread finished: Jboss2 Test 1-6 
2015/09/22 18:48:13 INFO  - jmeter.threads.JMeterThread: Thread started: Jboss2 Test 1-7 
2015/09/22 18:48:13 INFO  - jmeter.threads.JMeterThread: Thread finished: Jboss2 Test 1-7 
2015/09/22 18:48:14 INFO  - jmeter.threads.JMeterThread: Thread started: Jboss2 Test 1-8 
2015/09/22 18:48:14 INFO  - jmeter.threads.JMeterThread: Thread finished: Jboss2 Test 1-8 
2015/09/22 18:48:15 INFO  - jmeter.threads.JMeterThread: Thread started: Jboss2 Test 1-9 
2015/09/22 18:48:15 INFO  - jmeter.threads.JMeterThread: Thread finished: Jboss2 Test 1-9 
2015/09/22 18:48:16 INFO  - jmeter.threads.JMeterThread: Thread started: Jboss2 Test 1-10 
2015/09/22 18:48:16 INFO  - jmeter.threads.JMeterThread: Thread finished: Jboss2 Test 1-10 
2015/09/22 18:48:17 INFO  - jmeter.threads.JMeterThread: Thread started: Jboss2 Test 1-11 
2015/09/22 18:48:17 INFO  - jmeter.threads.JMeterThread: Thread finished: Jboss2 Test 1-11 
2015/09/22 18:48:18 INFO  - jmeter.threads.JMeterThread: Thread started: Jboss2 Test 1-12 
2015/09/22 18:48:18 INFO  - jmeter.threads.JMeterThread: Thread finished: Jboss2 Test 1-12 
2015/09/22 18:48:19 INFO  - jmeter.threads.JMeterThread: Thread started: Jboss2 Test 1-13 
2015/09/22 18:48:19 INFO  - jmeter.threads.JMeterThread: Thread finished: Jboss2 Test 1-13 
2015/09/22 18:48:20 INFO  - jmeter.threads.JMeterThread: Thread started: Jboss2 Test 1-14 
2015/09/22 18:48:20 INFO  - jmeter.threads.JMeterThread: Thread finished: Jboss2 Test 1-14 
2015/09/22 18:48:21 INFO  - jmeter.threads.JMeterThread: Thread started: Jboss2 Test 1-15 
2015/09/22 18:48:21 INFO  - jmeter.threads.JMeterThread: Thread finished: Jboss2 Test 1-15 
2015/09/22 18:48:22 INFO  - jmeter.threads.JMeterThread: Thread started: Jboss2 Test 1-16 
2015/09/22 18:48:22 INFO  - jmeter.threads.JMeterThread: Thread finished: Jboss2 Test 1-16 
2015/09/22 18:48:23 INFO  - jmeter.threads.JMeterThread: Thread started: Jboss2 Test 1-17 
2015/09/22 18:48:23 INFO  - jmeter.threads.JMeterThread: Thread finished: Jboss2 Test 1-17 
2015/09/22 18:48:24 INFO  - jmeter.threads.JMeterThread: Thread started: Jboss2 Test 1-18 
2015/09/22 18:48:24 INFO  - jmeter.threads.JMeterThread: Thread finished: Jboss2 Test 1-18 
2015/09/22 18:48:25 INFO  - jmeter.threads.JMeterThread: Thread started: Jboss2 Test 1-19 
2015/09/22 18:48:25 INFO  - jmeter.threads.JMeterThread: Thread finished: Jboss2 Test 1-19 
2015/09/22 18:48:26 INFO  - jmeter.threads.JMeterThread: Thread started: Jboss2 Test 1-20 
2015/09/22 18:48:26 INFO  - jmeter.threads.JMeterThread: Thread finished: Jboss2 Test 1-20 
2015/09/22 18:48:26 INFO  - jmeter.engine.StandardJMeterEngine: Notifying test listeners of end of test 
2015/09/22 18:48:26 INFO  - jmeter.gui.util.JMeterMenuBar: setRunning(false,*local*) 
2015/09/22 18:52:02 INFO  - jmeter.protocol.http.sampler.HTTPHC3Impl: HTTP request retry count = 0 
